<?xml version="1.0" encoding="UTF-8"?>
<!-- Generated by org.testng.reporters.JUnitXMLReporter -->
<testsuite ignored="0" hostname="Murugavel" failures="0" tests="2" name="Default test" time="185.582" errors="0" timestamp="2021-02-10T22:20:55 IST">
  <testcase classname="grooton.HomePageValidation" name="GrootanTechnologyMenuValidation" time="85.465"/>
  <testcase classname="grooton.HomePageValidation" name="GrootanTechnologyMenuValidation" time="92.985"/>
</testsuite> <!-- Default test -->
