<?xml version="1.0" encoding="UTF-8"?>
<testng-results ignored="0" total="2" passed="2" failed="0" skipped="0">
  <reporter-output>
  </reporter-output>
  <suite started-at="2021-02-10T22:17:49 IST" name="Default suite" finished-at="2021-02-10T22:20:55 IST" duration-ms="185582">
    <groups>
    </groups>
    <test started-at="2021-02-10T22:17:49 IST" name="Default test" finished-at="2021-02-10T22:20:55 IST" duration-ms="185582">
      <class name="grooton.HomePageValidation">
        <test-method signature="GrootanTechnologyMenuValidation()[pri:0, instance:grooton.HomePageValidation@6b8ca3c8]" started-at="2021-02-10T22:17:49 IST" name="GrootanTechnologyMenuValidation" finished-at="2021-02-10T22:19:15 IST" duration-ms="85465" status="PASS">
          <reporter-output>
          </reporter-output>
        </test-method> <!-- GrootanTechnologyMenuValidation -->
        <test-method is-config="true" signature="QuitBrowser()[pri:0, instance:grooton.HomePageValidation@6b8ca3c8]" started-at="2021-02-10T22:19:15 IST" name="QuitBrowser" finished-at="2021-02-10T22:19:18 IST" duration-ms="2644" status="PASS">
          <reporter-output>
          </reporter-output>
        </test-method> <!-- QuitBrowser -->
        <test-method signature="GrootanTechnologyMenuValidation()[pri:0, instance:grooton.HomePageValidation@6b8ca3c8]" started-at="2021-02-10T22:19:18 IST" name="GrootanTechnologyMenuValidation" finished-at="2021-02-10T22:20:51 IST" duration-ms="92985" status="PASS">
          <reporter-output>
          </reporter-output>
        </test-method> <!-- GrootanTechnologyMenuValidation -->
        <test-method is-config="true" signature="QuitBrowser()[pri:0, instance:grooton.HomePageValidation@6b8ca3c8]" started-at="2021-02-10T22:20:51 IST" name="QuitBrowser" finished-at="2021-02-10T22:20:52 IST" duration-ms="1122" status="PASS">
          <reporter-output>
          </reporter-output>
        </test-method> <!-- QuitBrowser -->
        <test-method is-config="true" signature="Report()[pri:0, instance:grooton.HomePageValidation@6b8ca3c8]" started-at="2021-02-10T22:20:52 IST" name="Report" finished-at="2021-02-10T22:20:55 IST" duration-ms="3273" status="PASS">
          <reporter-output>
          </reporter-output>
        </test-method> <!-- Report -->
      </class> <!-- grooton.HomePageValidation -->
    </test> <!-- Default test -->
  </suite> <!-- Default suite -->
</testng-results>
